<?xml version="1.0" encoding="UTF-8"?>
<!-- Generated by org.testng.reporters.JUnitReportReporter -->
<testsuite hostname="LP-5CD2125V9R" failures="0" tests="1" name="testcases.LoginAndAddToCart" time="234.424" errors="0" timestamp="2025-08-25T15:19:58 IST" skipped="0">
  <testcase classname="testcases.LoginAndAddToCart" name="testLoginAndCartActions" time="234.424"/>
</testsuite> <!-- testcases.LoginAndAddToCart -->
