<?xml version="1.0" encoding="UTF-8"?>
<!-- Generated by org.testng.reporters.JUnitReportReporter -->
<testsuite hostname="LP-5CD2125V9R" failures="0" tests="1" name="testcases.CheckOutTest" time="714.561" errors="0" timestamp="2025-08-25T15:44:44 IST" skipped="0">
  <testcase classname="testcases.CheckOutTest" name="testLoginCartAndCheckout" time="714.561"/>
</testsuite> <!-- testcases.CheckOutTest -->
