<?xml version="1.0" encoding="UTF-8"?>
<!-- Generated by org.testng.reporters.JUnitReportReporter -->
<testsuite hostname="LP-PF3KT7ZZ" failures="0" tests="1" name="testcases.LoginTest" time="7.502" errors="0" timestamp="2025-08-02T10:04:37 IST" skipped="0">
  <testcase classname="testcases.LoginTest" name="runLoginTestsFromExcel" time="7.502"/>
</testsuite> <!-- testcases.LoginTest -->
